<?xml version="1.0" encoding="UTF-8"?>
<!-- Generated by org.testng.reporters.JUnitReportReporter -->
<testsuite hostname="Star-PC" name="executeTests.AliexpressTest" tests="2" failures="0" timestamp="18 Mar 2017 13:24:49 GMT" time="102.172" errors="0">
  <testcase name="searchProductByCategory" time="53.353" classname="executeTests.AliexpressTest"/>
  <testcase name="searchProductByAllCategory" time="48.819" classname="executeTests.AliexpressTest"/>
</testsuite> <!-- executeTests.AliexpressTest -->
