<?xml version="1.0" encoding="UTF-8"?>
<!-- Generated by org.testng.reporters.JUnitReportReporter -->
<testsuite hostname="Star-PC" name="executeTests.TestExection" tests="1" failures="0" timestamp="15 Mar 2017 03:07:02 GMT" time="11.125" errors="0">
  <testcase name="testApp" time="11.125" classname="executeTests.TestExection"/>
</testsuite> <!-- executeTests.TestExection -->
